<?xml version="1.0" encoding="utf-8"?><testsuites name="pytest tests"><testsuite name="pytest" errors="0" failures="0" skipped="0" tests="13" time="2.169" timestamp="2026-06-19T03:50:05.797077+00:00" hostname="9f1c1fba4394"><testcase classname="tests.test_api_crud" name="test_health_check_returns_200" time="2.009" /><testcase classname="tests.test_api_crud" name="test_get_all_tasks_returns_expected_payload" time="0.008" /><testcase classname="tests.test_api_crud" name="test_get_single_task_positive_scenario" time="0.008" /><testcase classname="tests.test_api_crud" name="test_get_single_task_negative_not_found" time="0.006" /><testcase classname="tests.test_api_crud" name="test_post_create_task_positive_scenario" time="0.012" /><testcase classname="tests.test_api_crud" name="test_post_create_task_negative_missing_title" time="0.006" /><testcase classname="tests.test_api_crud" name="test_post_create_task_negative_invalid_status" time="0.008" /><testcase classname="tests.test_api_crud" name="test_put_update_task_positive_scenario" time="0.007" /><testcase classname="tests.test_api_crud" name="test_put_update_task_negative_not_found" time="0.007" /><testcase classname="tests.test_api_crud" name="test_put_update_task_negative_invalid_priority" time="0.007" /><testcase classname="tests.test_api_crud" name="test_delete_task_positive_scenario" time="0.010" /><testcase classname="tests.test_api_crud" name="test_delete_task_negative_not_found" time="0.007" /><testcase classname="tests.test_api_crud" name="test_filter_tasks_by_status" time="0.027" /></testsuite></testsuites>